0 info it worked if it ends with ok
1 verbose cli [ 'node', '/usr/local/bin/npm', 'install', '-g', 'grunt-devtools' ]
2 info using npm@1.4.28
3 info using node@v0.10.35
4 verbose cache add [ 'grunt-devtools', null ]
5 verbose cache add name=undefined spec="grunt-devtools" args=["grunt-devtools",null]
6 verbose parsed url { protocol: null,
6 verbose parsed url   slashes: null,
6 verbose parsed url   auth: null,
6 verbose parsed url   host: null,
6 verbose parsed url   port: null,
6 verbose parsed url   hostname: null,
6 verbose parsed url   hash: null,
6 verbose parsed url   search: null,
6 verbose parsed url   query: null,
6 verbose parsed url   pathname: 'grunt-devtools',
6 verbose parsed url   path: 'grunt-devtools',
6 verbose parsed url   href: 'grunt-devtools' }
7 silly lockFile 2b7980d3-grunt-devtools grunt-devtools
8 verbose lock grunt-devtools /Users/sohail/.npm/2b7980d3-grunt-devtools.lock
9 silly lockFile 2b7980d3-grunt-devtools grunt-devtools
10 silly lockFile 2b7980d3-grunt-devtools grunt-devtools
11 verbose addNamed [ 'grunt-devtools', '' ]
12 verbose addNamed [ null, '*' ]
13 silly lockFile c0a85896-grunt-devtools grunt-devtools@
14 verbose lock grunt-devtools@ /Users/sohail/.npm/c0a85896-grunt-devtools.lock
15 silly addNameRange { name: 'grunt-devtools', range: '*', hasData: false }
16 verbose request where is /grunt-devtools
17 verbose request registry https://registry.npmjs.org/
18 verbose request id f19b8f7825edabe4
19 verbose url raw /grunt-devtools
20 verbose url resolving [ 'https://registry.npmjs.org/', './grunt-devtools' ]
21 verbose url resolved https://registry.npmjs.org/grunt-devtools
22 verbose request where is https://registry.npmjs.org/grunt-devtools
23 info trying registry request attempt 1 at 03:12:51
24 http GET https://registry.npmjs.org/grunt-devtools
25 http 200 https://registry.npmjs.org/grunt-devtools
26 silly registry.get cb [ 200,
26 silly registry.get   { date: 'Sat, 21 Feb 2015 02:12:52 GMT',
26 silly registry.get     server: 'CouchDB/1.5.0 (Erlang OTP/R16B03)',
26 silly registry.get     etag: '"BHTYHUJF9KM7550USK0AA1ZL5"',
26 silly registry.get     'content-type': 'application/json',
26 silly registry.get     'cache-control': 'max-age=60',
26 silly registry.get     'content-length': '28681',
26 silly registry.get     'accept-ranges': 'bytes',
26 silly registry.get     via: '1.1 varnish',
26 silly registry.get     age: '0',
26 silly registry.get     'x-served-by': 'cache-fra1229-FRA',
26 silly registry.get     'x-cache': 'MISS',
26 silly registry.get     'x-cache-hits': '0',
26 silly registry.get     'x-timer': 'S1424484771.740426,VS0,VE858',
26 silly registry.get     vary: 'Accept',
26 silly registry.get     'keep-alive': 'timeout=10, max=50',
26 silly registry.get     connection: 'Keep-Alive' } ]
27 silly addNameRange number 2 { name: 'grunt-devtools', range: '*', hasData: true }
28 silly addNameRange versions [ 'grunt-devtools',
28 silly addNameRange   [ '0.1.0-alpha',
28 silly addNameRange     '0.1.0-alpha2',
28 silly addNameRange     '0.1.0-alpha3',
28 silly addNameRange     '0.1.0-4',
28 silly addNameRange     '0.1.0-5',
28 silly addNameRange     '0.1.0-6',
28 silly addNameRange     '0.1.0-7',
28 silly addNameRange     '0.2.0',
28 silly addNameRange     '0.2.1' ] ]
29 verbose addNamed [ 'grunt-devtools', '0.2.1' ]
30 verbose addNamed [ '0.2.1', '0.2.1' ]
31 silly lockFile 0f59221b-grunt-devtools-0-2-1 grunt-devtools@0.2.1
32 verbose lock grunt-devtools@0.2.1 /Users/sohail/.npm/0f59221b-grunt-devtools-0-2-1.lock
33 silly lockFile ad9ad4a3-evtools-grunt-devtools-0-2-1-tgz https://registry.npmjs.org/grunt-devtools/-/grunt-devtools-0.2.1.tgz
34 verbose lock https://registry.npmjs.org/grunt-devtools/-/grunt-devtools-0.2.1.tgz /Users/sohail/.npm/ad9ad4a3-evtools-grunt-devtools-0-2-1-tgz.lock
35 verbose addRemoteTarball [ 'https://registry.npmjs.org/grunt-devtools/-/grunt-devtools-0.2.1.tgz',
35 verbose addRemoteTarball   '94671cc0eca03a6696c08cd51737902cf61fefd1' ]
36 info retry fetch attempt 1 at 03:12:53
37 verbose fetch to= /var/folders/vm/kyjgq0n91ssdmsz7qqdyf4bw0000gn/T/npm-2114-04_f0FBp/registry.npmjs.org/grunt-devtools/-/grunt-devtools-0.2.1.tgz
38 http GET https://registry.npmjs.org/grunt-devtools/-/grunt-devtools-0.2.1.tgz
39 http 200 https://registry.npmjs.org/grunt-devtools/-/grunt-devtools-0.2.1.tgz
40 silly lockFile ad9ad4a3-evtools-grunt-devtools-0-2-1-tgz https://registry.npmjs.org/grunt-devtools/-/grunt-devtools-0.2.1.tgz
41 silly lockFile ad9ad4a3-evtools-grunt-devtools-0-2-1-tgz https://registry.npmjs.org/grunt-devtools/-/grunt-devtools-0.2.1.tgz
42 silly lockFile 0f59221b-grunt-devtools-0-2-1 grunt-devtools@0.2.1
43 silly lockFile 0f59221b-grunt-devtools-0-2-1 grunt-devtools@0.2.1
44 silly lockFile c0a85896-grunt-devtools grunt-devtools@
45 silly lockFile c0a85896-grunt-devtools grunt-devtools@
46 silly resolved [ { name: 'grunt-devtools',
46 silly resolved     description: 'Grunt integration with Chrome Dev Tools',
46 silly resolved     version: '0.2.1',
46 silly resolved     homepage: 'https://github.com/vladikoff/grunt-devtools',
46 silly resolved     author:
46 silly resolved      { name: 'vladikoff',
46 silly resolved        email: 'vlad.filippov@gmail.com',
46 silly resolved        url: 'http://vf.io' },
46 silly resolved     repository:
46 silly resolved      { type: 'git',
46 silly resolved        url: 'https://github.com/vladikoff/grunt-devtools.git' },
46 silly resolved     bugs: { url: 'https://github.com/vladikoff/grunt-devtools/issues' },
46 silly resolved     bin: { 'grunt-devtools': 'bin/grunt-devtools' },
46 silly resolved     licenses: [ [Object] ],
46 silly resolved     main: 'Gruntfile.js',
46 silly resolved     engines: { node: '>= 0.8.0' },
46 silly resolved     scripts: { test: 'grunt test' },
46 silly resolved     peerDependencies: { grunt: '~0.4.1' },
46 silly resolved     keywords: [ 'gruntplugin', 'devtools' ],
46 silly resolved     dependencies: { websocket: '~1.0.8', portscanner: '~0.1.3', shelljs: '~0.2.5' },
46 silly resolved     devDependencies:
46 silly resolved      { 'grunt-contrib-clean': '~0.5.0',
46 silly resolved        'grunt-contrib-watch': '~0.5.0' },
46 silly resolved     readme: '# grunt-devtools\n\n> Grunt integration with Chrome Dev Tools\n\n## Getting Started\nThis plugin requires Grunt `~0.4.1`\n\nIf you haven\'t used [Grunt](http://gruntjs.com/) before, be sure to check out the [Getting Started](http://gruntjs.com/getting-started) guide, as it explains how to create a [Gruntfile](http://gruntjs.com/sample-gruntfile) as well as install and use Grunt plugins. Once you\'re familiar with that process, you may install this plugin with this command:\n\n![](http://v14d.com/u/grunt-devtools-main.png)\n\n__Grunt Task Runner Extension for Chrome Developer Tools and Adobe Brackets__\n\n\n## Quick Setup (Google Chrome)\n\n* Download the [Grunt Devtools extension for Chrome Developer Tools](https://chrome.google.com/webstore/detail/grunt-devtools/fbiodiodggnlakggeeckkjccjhhjndnb?hl=en)\n from the Chrome Web Store.\n* Global Install (Want a local plugin install? See [local setup](#local-setup)).\n  * __`npm install -g grunt-devtools`__\n  * run __`grunt-devtools`__ in a directory with a Gruntfile!\n* open Chrome Dev tools, find the __Grunt tab__. Your grunt tasks should now be accessible from Chrome.\n\n\n## Screenshots\n\n![](http://v14d.com/i/513393cbb7e8b.jpg)\n![](http://v14d.com/i/5133941ceb6b4.jpg)\n\n## Local Setup\n\n* `npm install grunt-devtools` in your grunt project\n* Add `grunt.loadNpmTasks(\'grunt-devtools\');` to your `Gruntfile`\n* run `grunt devtools`\n* open Chrome Dev tools, find the Grunt tab. Your grunt tasks should now be accessible from Chrome.\n\n\n## Updating from an older version\n\n* Chrome extension updates automatically or you can force an update under `chrome://extensions` ![](http://v14d.com/i/513cbb8a20af4.png)\n* Grunt plugin updates using `npm install grunt-devtools@latest`\n* The versions of the plugin and extension should always match (`0.2.0` in Chrome is `0.2.0` on npm)\n\n\n## Issues\n\nIf you experience issues, perform an [update first](https://github.com/vladikoff/grunt-devtools#updating-from-an-older-version).\nIf issues still occur - [report it](https://github.com/vladikoff/grunt-devtools/issues) or ask for help in the  `#grunt` irc channel on Freenode\n\nSee the [CHANGELOG](CHANGELOG) for release history .\nSee the [contributing guide](contributing.md) for local development instructions.\n\n',
46 silly resolved     readmeFilename: 'README.md',
46 silly resolved     _id: 'grunt-devtools@0.2.1',
46 silly resolved     dist:
46 silly resolved      { shasum: '94671cc0eca03a6696c08cd51737902cf61fefd1',
46 silly resolved        tarball: 'http://registry.npmjs.org/grunt-devtools/-/grunt-devtools-0.2.1.tgz' },
46 silly resolved     _from: 'grunt-devtools@',
46 silly resolved     _npmVersion: '1.3.8',
46 silly resolved     _npmUser: { name: 'vladikoff', email: 'vlad@vladikoff.com' },
46 silly resolved     maintainers: [ [Object] ],
46 silly resolved     directories: {},
46 silly resolved     _shasum: '94671cc0eca03a6696c08cd51737902cf61fefd1',
46 silly resolved     _resolved: 'https://registry.npmjs.org/grunt-devtools/-/grunt-devtools-0.2.1.tgz' } ]
47 info install grunt-devtools@0.2.1 into /usr/local/lib
48 info installOne grunt-devtools@0.2.1
49 verbose lib/node_modules/grunt-devtools unbuild
50 verbose tar unpack /Users/sohail/.npm/grunt-devtools/0.2.1/package.tgz
51 silly lockFile d10128ca--lib-node-modules-grunt-devtools tar:///usr/local/lib/node_modules/grunt-devtools
52 verbose lock tar:///usr/local/lib/node_modules/grunt-devtools /Users/sohail/.npm/d10128ca--lib-node-modules-grunt-devtools.lock
53 silly lockFile 57f4b002-grunt-devtools-0-2-1-package-tgz tar:///Users/sohail/.npm/grunt-devtools/0.2.1/package.tgz
54 verbose lock tar:///Users/sohail/.npm/grunt-devtools/0.2.1/package.tgz /Users/sohail/.npm/57f4b002-grunt-devtools-0-2-1-package-tgz.lock
55 silly gunzTarPerm modes [ '755', '644' ]
56 error Error: EACCES, mkdir '/usr/local/lib/node_modules/grunt-devtools'
56 error  { [Error: EACCES, mkdir '/usr/local/lib/node_modules/grunt-devtools']
56 error   errno: 3,
56 error   code: 'EACCES',
56 error   path: '/usr/local/lib/node_modules/grunt-devtools',
56 error   fstream_type: 'Directory',
56 error   fstream_path: '/usr/local/lib/node_modules/grunt-devtools',
56 error   fstream_class: 'DirWriter',
56 error   fstream_stack:
56 error    [ '/usr/local/lib/node_modules/npm/node_modules/fstream/lib/dir-writer.js:36:23',
56 error      '/usr/local/lib/node_modules/npm/node_modules/mkdirp/index.js:46:53',
56 error      'Object.oncomplete (fs.js:108:15)' ] }
57 error Please try running this command again as root/Administrator.
58 error System Darwin 14.1.0
59 error command "node" "/usr/local/bin/npm" "install" "-g" "grunt-devtools"
60 error cwd /Users/sohail/GitHub/susy_offcanvas_megamenu
61 error node -v v0.10.35
62 error npm -v 1.4.28
63 error path /usr/local/lib/node_modules/grunt-devtools
64 error fstream_path /usr/local/lib/node_modules/grunt-devtools
65 error fstream_type Directory
66 error fstream_class DirWriter
67 error code EACCES
68 error errno 3
69 error stack Error: EACCES, mkdir '/usr/local/lib/node_modules/grunt-devtools'
70 error fstream_stack /usr/local/lib/node_modules/npm/node_modules/fstream/lib/dir-writer.js:36:23
70 error fstream_stack /usr/local/lib/node_modules/npm/node_modules/mkdirp/index.js:46:53
70 error fstream_stack Object.oncomplete (fs.js:108:15)
71 verbose exit [ 3, true ]
